volleydemoapp/build/outputs/logs/manifest-merger-debug-report.txt
-- Merging decision tree log ---
manifest
ADDED from src\main\AndroidManifest.xml:2:1-50:12
	package
		ADDED from src\main\AndroidManifest.xml:3:5-34
		INJECTED from src\main\AndroidManifest.xml
		INJECTED from src\main\AndroidManifest.xml
	android:versionName
		ADDED from src\main\AndroidManifest.xml:5:5-30
		INJECTED from src\main\AndroidManifest.xml
		INJECTED from src\main\AndroidManifest.xml
	android:versionCode
		ADDED from src\main\AndroidManifest.xml:4:5-28
		INJECTED from src\main\AndroidManifest.xml
		INJECTED from src\main\AndroidManifest.xml
	xmlns:android
		ADDED from src\main\AndroidManifest.xml:2:11-69
uses-sdk
ADDED from src\main\AndroidManifest.xml:7:5-9:41
MERGED from [com.google.android.gms:play-services:4.4.52] AndroidManifest.xml:17:5-42
MERGED from [com.android.support:support-v4:23.2.1] AndroidManifest.xml:20:5-43
MERGED from [se.emilsjolander:stickylistheaders:2.7.0] AndroidManifest.xml:7:5-9:41
MERGED from [com.android.support:appcompat-v7:23.2.1] AndroidManifest.xml:21:5-23:78
MERGED from [com.android.support:support-v4:23.2.1] AndroidManifest.xml:20:5-43
MERGED from [com.android.support:animated-vector-drawable:23.2.1] AndroidManifest.xml:5:5-44
MERGED from [com.android.support:support-vector-drawable:23.2.1] AndroidManifest.xml:5:5-43
MERGED from [com.android.support:support-v4:23.2.1] AndroidManifest.xml:20:5-43
MERGED from [com.android.support:support-vector-drawable:23.2.1] AndroidManifest.xml:5:5-43
MERGED from [com.android.support:support-v4:23.2.1] AndroidManifest.xml:20:5-43
	tools:overrideLibrary
		ADDED from [com.android.support:appcompat-v7:23.2.1] AndroidManifest.xml:23:9-75
	android:targetSdkVersion
		ADDED from src\main\AndroidManifest.xml:9:9-38
		INJECTED from src\main\AndroidManifest.xml
		INJECTED from src\main\AndroidManifest.xml
	android:minSdkVersion
		ADDED from src\main\AndroidManifest.xml:8:9-34
		INJECTED from src\main\AndroidManifest.xml
		INJECTED from src\main\AndroidManifest.xml
uses-permission#android.permission.INTERNET
ADDED from src\main\AndroidManifest.xml:11:2-63
	android:name
		ADDED from src\main\AndroidManifest.xml:11:19-61
uses-permission#android.permission.ACCESS_NETWORK_STATE
ADDED from src\main\AndroidManifest.xml:12:5-78
	android:name
		ADDED from src\main\AndroidManifest.xml:12:22-76
application
ADDED from src\main\AndroidManifest.xml:14:5-48:19
MERGED from [com.google.android.gms:play-services:4.4.52] AndroidManifest.xml:18:5-19
MERGED from [com.android.support:support-v4:23.2.1] AndroidManifest.xml:22:5-20
MERGED from [com.android.support:appcompat-v7:23.2.1] AndroidManifest.xml:25:5-20
MERGED from [com.android.support:support-v4:23.2.1] AndroidManifest.xml:22:5-20
MERGED from [com.android.support:animated-vector-drawable:23.2.1] AndroidManifest.xml:7:5-20
MERGED from [com.android.support:support-vector-drawable:23.2.1] AndroidManifest.xml:7:5-20
MERGED from [com.android.support:support-v4:23.2.1] AndroidManifest.xml:22:5-20
MERGED from [com.android.support:support-vector-drawable:23.2.1] AndroidManifest.xml:7:5-20
MERGED from [com.android.support:support-v4:23.2.1] AndroidManifest.xml:22:5-20
	android:label
		ADDED from src\main\AndroidManifest.xml:17:9-41
	android:allowBackup
		ADDED from src\main\AndroidManifest.xml:15:9-35
	android:icon
		ADDED from src\main\AndroidManifest.xml:16:9-45
	android:theme
		ADDED from src\main\AndroidManifest.xml:19:9-40
	android:name
		ADDED from src\main\AndroidManifest.xml:18:3-46
activity#com.mani.volleydemo.MainActivity
ADDED from src\main\AndroidManifest.xml:20:9-28:20
	android:screenOrientation
		ADDED from src\main\AndroidManifest.xml:23:13-49
	android:label
		ADDED from src\main\AndroidManifest.xml:22:13-45
	android:name
		ADDED from src\main\AndroidManifest.xml:21:13-41
intent-filter#android.intent.action.MAIN+android.intent.category.LAUNCHER
ADDED from src\main\AndroidManifest.xml:24:13-27:29
action#android.intent.action.MAIN
ADDED from src\main\AndroidManifest.xml:25:17-69
	android:name
		ADDED from src\main\AndroidManifest.xml:25:25-66
category#android.intent.category.LAUNCHER
ADDED from src\main\AndroidManifest.xml:26:17-77
	android:name
		ADDED from src\main\AndroidManifest.xml:26:27-74
activity#com.mani.volleydemo.JSONObjectRequestActvity
ADDED from src\main\AndroidManifest.xml:30:9-32:48
	android:label
		ADDED from src\main\AndroidManifest.xml:32:13-45
	android:name
		ADDED from src\main\AndroidManifest.xml:31:13-53
activity#com.mani.volleydemo.StringObjectRequestActivity
ADDED from src\main\AndroidManifest.xml:33:9-35:48
	android:label
		ADDED from src\main\AndroidManifest.xml:35:13-45
	android:name
		ADDED from src\main\AndroidManifest.xml:34:13-56
activity#com.mani.volleydemo.GSONObjectRequestActivity
ADDED from src\main\AndroidManifest.xml:36:9-38:48
	android:label
		ADDED from src\main\AndroidManifest.xml:38:13-45
	android:name
		ADDED from src\main\AndroidManifest.xml:37:13-54
activity#com.mani.volleydemo.SSLConnectionActivity
ADDED from src\main\AndroidManifest.xml:39:9-41:48
	android:label
		ADDED from src\main\AndroidManifest.xml:41:13-45
	android:name
		ADDED from src\main\AndroidManifest.xml:40:13-50
activity#com.mani.volleydemo.NetworkImageActivity
ADDED from src\main\AndroidManifest.xml:42:9-44:48
	android:label
		ADDED from src\main\AndroidManifest.xml:44:13-45
	android:name
		ADDED from src\main\AndroidManifest.xml:43:13-49
activity#com.mani.volleydemo.MultiPartRequestActivity
ADDED from src\main\AndroidManifest.xml:45:9-47:48
	android:label
		ADDED from src\main\AndroidManifest.xml:47:13-45
	android:name
		ADDED from src\main\AndroidManifest.xml:46:13-53